{"name":"hexo","hostname":"zeal-PC","pid":6396,"level":20,"msg":"Hexo version: \u001b[35m3.2.2\u001b[39m","time":"2016-07-04T07:54:41.673Z","v":0}
{"name":"hexo","hostname":"zeal-PC","pid":6396,"level":20,"msg":"Working directory: \u001b[35mE:\\git\\blog\\\u001b[39m","time":"2016-07-04T07:54:41.678Z","v":0}
{"name":"hexo","hostname":"zeal-PC","pid":6396,"level":20,"msg":"Config loaded: \u001b[35mE:\\git\\blog\\_config.yml\u001b[39m","time":"2016-07-04T07:54:42.082Z","v":0}
{"name":"hexo","hostname":"zeal-PC","pid":6396,"level":20,"msg":"Plugin loaded: \u001b[35mhexo-generator-archive\u001b[39m","time":"2016-07-04T07:54:42.115Z","v":0}
{"name":"hexo","hostname":"zeal-PC","pid":6396,"level":20,"msg":"Plugin loaded: \u001b[35mhexo-generator-category\u001b[39m","time":"2016-07-04T07:54:42.123Z","v":0}
{"name":"hexo","hostname":"zeal-PC","pid":6396,"level":20,"msg":"Plugin loaded: \u001b[35mhexo-generator-index\u001b[39m","time":"2016-07-04T07:54:42.129Z","v":0}
{"name":"hexo","hostname":"zeal-PC","pid":6396,"level":20,"msg":"Plugin loaded: \u001b[35mhexo-renderer-stylus\u001b[39m","time":"2016-07-04T07:54:42.132Z","v":0}
{"name":"hexo","hostname":"zeal-PC","pid":6396,"level":20,"msg":"Plugin loaded: \u001b[35mhexo-generator-tag\u001b[39m","time":"2016-07-04T07:54:42.137Z","v":0}
{"name":"hexo","hostname":"zeal-PC","pid":6396,"level":20,"msg":"Plugin loaded: \u001b[35mhexo-renderer-ejs\u001b[39m","time":"2016-07-04T07:54:42.147Z","v":0}
{"name":"hexo","hostname":"zeal-PC","pid":6396,"level":20,"msg":"Plugin loaded: \u001b[35mhexo-server\u001b[39m","time":"2016-07-04T07:54:42.303Z","v":0}
{"name":"hexo","hostname":"zeal-PC","pid":6396,"level":20,"msg":"Plugin loaded: \u001b[35mhexo-renderer-marked\u001b[39m","time":"2016-07-04T07:54:42.318Z","v":0}
{"name":"hexo","hostname":"zeal-PC","pid":6396,"level":20,"msg":"Script loaded: \u001b[35mthemes\\next\\scripts\\tags\\group-pictures.js\u001b[39m","time":"2016-07-04T07:54:42.321Z","v":0}
{"name":"hexo","hostname":"zeal-PC","pid":6396,"level":20,"msg":"Script loaded: \u001b[35mthemes\\next\\scripts\\merge-configs.js\u001b[39m","time":"2016-07-04T07:54:42.323Z","v":0}
{"name":"hexo","hostname":"zeal-PC","pid":6396,"level":20,"msg":"Script loaded: \u001b[35mthemes\\next\\scripts\\tags\\center-quote.js\u001b[39m","time":"2016-07-04T07:54:42.325Z","v":0}
{"name":"hexo","hostname":"zeal-PC","pid":6396,"level":20,"msg":"Script loaded: \u001b[35mthemes\\next\\scripts\\tags\\full-image.js\u001b[39m","time":"2016-07-04T07:54:42.326Z","v":0}
{"name":"hexo","hostname":"zeal-PC","pid":6396,"level":20,"msg":"Loading database.","time":"2016-07-04T07:54:42.337Z","v":0}
{"name":"hexo","hostname":"zeal-PC","pid":6396,"level":30,"msg":"Start processing","time":"2016-07-04T07:54:42.347Z","v":0}
{"name":"hexo","hostname":"zeal-PC","pid":6396,"level":20,"msg":"Processed: \u001b[35mcategories/debug.log\u001b[39m","time":"2016-07-04T07:54:42.452Z","v":0}
{"name":"hexo","hostname":"zeal-PC","pid":6396,"level":20,"msg":"Theme config loaded.","time":"2016-07-04T07:54:42.549Z","v":0}
{"name":"hexo","hostname":"zeal-PC","pid":6396,"level":20,"msg":"Processed: \u001b[35m_config.yml\u001b[39m","time":"2016-07-04T07:54:42.550Z","v":0}
{"name":"hexo","hostname":"zeal-PC","pid":6396,"level":20,"msg":"Processed: \u001b[35msource/css/main.styl\u001b[39m","time":"2016-07-04T07:54:42.564Z","v":0}
{"name":"hexo","hostname":"zeal-PC","pid":6396,"level":20,"msg":"Processed: \u001b[35msource/images/cc-by-nc-nd.svg\u001b[39m","time":"2016-07-04T07:54:42.565Z","v":0}
{"name":"hexo","hostname":"zeal-PC","pid":6396,"level":20,"msg":"Processed: \u001b[35msource/images/cc-by-nc-sa.svg\u001b[39m","time":"2016-07-04T07:54:42.566Z","v":0}
{"name":"hexo","hostname":"zeal-PC","pid":6396,"level":20,"msg":"Processed: \u001b[35msource/images/cc-by-nc.svg\u001b[39m","time":"2016-07-04T07:54:42.569Z","v":0}
{"name":"hexo","hostname":"zeal-PC","pid":6396,"level":20,"msg":"Processed: \u001b[35msource/images/cc-by-nd.svg\u001b[39m","time":"2016-07-04T07:54:42.570Z","v":0}
{"name":"hexo","hostname":"zeal-PC","pid":6396,"level":20,"msg":"Processed: \u001b[35msource/images/cc-by-sa.svg\u001b[39m","time":"2016-07-04T07:54:42.571Z","v":0}
{"name":"hexo","hostname":"zeal-PC","pid":6396,"level":20,"msg":"Processed: \u001b[35msource/images/avatar.gif\u001b[39m","time":"2016-07-04T07:54:42.572Z","v":0}
{"name":"hexo","hostname":"zeal-PC","pid":6396,"level":20,"msg":"Processed: \u001b[35msource/images/cc-by.svg\u001b[39m","time":"2016-07-04T07:54:42.580Z","v":0}
{"name":"hexo","hostname":"zeal-PC","pid":6396,"level":20,"msg":"Processed: \u001b[35msource/images/loading.gif\u001b[39m","time":"2016-07-04T07:54:42.581Z","v":0}
{"name":"hexo","hostname":"zeal-PC","pid":6396,"level":20,"msg":"Processed: \u001b[35msource/images/placeholder.gif\u001b[39m","time":"2016-07-04T07:54:42.582Z","v":0}
{"name":"hexo","hostname":"zeal-PC","pid":6396,"level":20,"msg":"Processed: \u001b[35msource/images/quote-l.svg\u001b[39m","time":"2016-07-04T07:54:42.583Z","v":0}
{"name":"hexo","hostname":"zeal-PC","pid":6396,"level":20,"msg":"Processed: \u001b[35msource/images/quote-r.svg\u001b[39m","time":"2016-07-04T07:54:42.584Z","v":0}
{"name":"hexo","hostname":"zeal-PC","pid":6396,"level":20,"msg":"Processed: \u001b[35msource/images/cc-zero.svg\u001b[39m","time":"2016-07-04T07:54:42.585Z","v":0}
{"name":"hexo","hostname":"zeal-PC","pid":6396,"level":20,"msg":"Processed: \u001b[35msource/images/searchicon.png\u001b[39m","time":"2016-07-04T07:54:42.585Z","v":0}
{"name":"hexo","hostname":"zeal-PC","pid":6396,"level":20,"msg":"Processed: \u001b[35m_posts/hello-world.md\u001b[39m","time":"2016-07-04T07:54:42.649Z","v":0}
{"name":"hexo","hostname":"zeal-PC","pid":6396,"level":20,"msg":"Processed: \u001b[35mtags/index.md\u001b[39m","time":"2016-07-04T07:54:42.650Z","v":0}
{"name":"hexo","hostname":"zeal-PC","pid":6396,"level":20,"msg":"Processed: \u001b[35mcategories/index.md\u001b[39m","time":"2016-07-04T07:54:42.651Z","v":0}
{"name":"hexo","hostname":"zeal-PC","pid":6396,"level":20,"msg":"Processed: \u001b[35mlayout/_layout.swig\u001b[39m","time":"2016-07-04T07:54:42.861Z","v":0}
{"name":"hexo","hostname":"zeal-PC","pid":6396,"level":20,"msg":"Processed: \u001b[35mlayout/category.swig\u001b[39m","time":"2016-07-04T07:54:42.862Z","v":0}
{"name":"hexo","hostname":"zeal-PC","pid":6396,"level":20,"msg":"Processed: \u001b[35mlayout/index.swig\u001b[39m","time":"2016-07-04T07:54:42.863Z","v":0}
{"name":"hexo","hostname":"zeal-PC","pid":6396,"level":20,"msg":"Processed: \u001b[35mlayout/page.swig\u001b[39m","time":"2016-07-04T07:54:42.864Z","v":0}
{"name":"hexo","hostname":"zeal-PC","pid":6396,"level":20,"msg":"Processed: \u001b[35mlayout/post.swig\u001b[39m","time":"2016-07-04T07:54:42.865Z","v":0}
{"name":"hexo","hostname":"zeal-PC","pid":6396,"level":20,"msg":"Processed: \u001b[35mlayout/tag.swig\u001b[39m","time":"2016-07-04T07:54:42.865Z","v":0}
{"name":"hexo","hostname":"zeal-PC","pid":6396,"level":20,"msg":"Processed: \u001b[35mlayout/archive.swig\u001b[39m","time":"2016-07-04T07:54:42.866Z","v":0}
{"name":"hexo","hostname":"zeal-PC","pid":6396,"level":20,"msg":"Processed: \u001b[35mlanguages/de.yml\u001b[39m","time":"2016-07-04T07:54:42.877Z","v":0}
{"name":"hexo","hostname":"zeal-PC","pid":6396,"level":20,"msg":"Processed: \u001b[35mlanguages/default.yml\u001b[39m","time":"2016-07-04T07:54:42.878Z","v":0}
{"name":"hexo","hostname":"zeal-PC","pid":6396,"level":20,"msg":"Processed: \u001b[35mlanguages/fr-FR.yml\u001b[39m","time":"2016-07-04T07:54:42.878Z","v":0}
{"name":"hexo","hostname":"zeal-PC","pid":6396,"level":20,"msg":"Processed: \u001b[35mlanguages/en.yml\u001b[39m","time":"2016-07-04T07:54:42.879Z","v":0}
{"name":"hexo","hostname":"zeal-PC","pid":6396,"level":20,"msg":"Processed: \u001b[35mlanguages/ja.yml\u001b[39m","time":"2016-07-04T07:54:42.880Z","v":0}
{"name":"hexo","hostname":"zeal-PC","pid":6396,"level":20,"msg":"Processed: \u001b[35mlanguages/id.yml\u001b[39m","time":"2016-07-04T07:54:42.880Z","v":0}
{"name":"hexo","hostname":"zeal-PC","pid":6396,"level":20,"msg":"Processed: \u001b[35mlanguages/pt.yml\u001b[39m","time":"2016-07-04T07:54:42.881Z","v":0}
{"name":"hexo","hostname":"zeal-PC","pid":6396,"level":20,"msg":"Processed: \u001b[35mlanguages/pt-BR.yml\u001b[39m","time":"2016-07-04T07:54:42.882Z","v":0}
{"name":"hexo","hostname":"zeal-PC","pid":6396,"level":20,"msg":"Processed: \u001b[35mlanguages/zh-Hans.yml\u001b[39m","time":"2016-07-04T07:54:42.883Z","v":0}
{"name":"hexo","hostname":"zeal-PC","pid":6396,"level":20,"msg":"Processed: \u001b[35mlanguages/zh-tw.yml\u001b[39m","time":"2016-07-04T07:54:42.883Z","v":0}
{"name":"hexo","hostname":"zeal-PC","pid":6396,"level":20,"msg":"Processed: \u001b[35msource/js/src/bootstrap.js\u001b[39m","time":"2016-07-04T07:54:42.889Z","v":0}
{"name":"hexo","hostname":"zeal-PC","pid":6396,"level":20,"msg":"Processed: \u001b[35msource/js/src/affix.js\u001b[39m","time":"2016-07-04T07:54:42.891Z","v":0}
{"name":"hexo","hostname":"zeal-PC","pid":6396,"level":20,"msg":"Processed: \u001b[35msource/js/src/hook-duoshuo.js\u001b[39m","time":"2016-07-04T07:54:42.892Z","v":0}
{"name":"hexo","hostname":"zeal-PC","pid":6396,"level":20,"msg":"Processed: \u001b[35msource/js/src/post-details.js\u001b[39m","time":"2016-07-04T07:54:42.894Z","v":0}
{"name":"hexo","hostname":"zeal-PC","pid":6396,"level":20,"msg":"Processed: \u001b[35msource/js/src/motion.js\u001b[39m","time":"2016-07-04T07:54:42.897Z","v":0}
{"name":"hexo","hostname":"zeal-PC","pid":6396,"level":20,"msg":"Processed: \u001b[35msource/js/src/scrollspy.js\u001b[39m","time":"2016-07-04T07:54:42.898Z","v":0}
{"name":"hexo","hostname":"zeal-PC","pid":6396,"level":20,"msg":"Processed: \u001b[35msource/js/src/utils.js\u001b[39m","time":"2016-07-04T07:54:42.899Z","v":0}
{"name":"hexo","hostname":"zeal-PC","pid":6396,"level":20,"msg":"Processed: \u001b[35msource/vendors/fastclick/LICENSE\u001b[39m","time":"2016-07-04T07:54:42.900Z","v":0}
{"name":"hexo","hostname":"zeal-PC","pid":6396,"level":20,"msg":"Processed: \u001b[35msource/vendors/fastclick/bower.json\u001b[39m","time":"2016-07-04T07:54:42.901Z","v":0}
{"name":"hexo","hostname":"zeal-PC","pid":6396,"level":20,"msg":"Processed: \u001b[35msource/vendors/font-awesome/bower.json\u001b[39m","time":"2016-07-04T07:54:42.905Z","v":0}
{"name":"hexo","hostname":"zeal-PC","pid":6396,"level":20,"msg":"Processed: \u001b[35msource/vendors/font-awesome/HELP-US-OUT.txt\u001b[39m","time":"2016-07-04T07:54:42.906Z","v":0}
{"name":"hexo","hostname":"zeal-PC","pid":6396,"level":20,"msg":"Processed: \u001b[35msource/vendors/velocity/velocity.min.js\u001b[39m","time":"2016-07-04T07:54:42.910Z","v":0}
{"name":"hexo","hostname":"zeal-PC","pid":6396,"level":20,"msg":"Processed: \u001b[35msource/vendors/fastclick/README.md\u001b[39m","time":"2016-07-04T07:54:42.911Z","v":0}
{"name":"hexo","hostname":"zeal-PC","pid":6396,"level":20,"msg":"Processed: \u001b[35msource/vendors/velocity/velocity.ui.js\u001b[39m","time":"2016-07-04T07:54:42.912Z","v":0}
{"name":"hexo","hostname":"zeal-PC","pid":6396,"level":20,"msg":"Processed: \u001b[35msource/vendors/velocity/velocity.ui.min.js\u001b[39m","time":"2016-07-04T07:54:42.914Z","v":0}
{"name":"hexo","hostname":"zeal-PC","pid":6396,"level":20,"msg":"Processed: \u001b[35msource/vendors/jquery_lazyload/CONTRIBUTING.md\u001b[39m","time":"2016-07-04T07:54:42.916Z","v":0}
{"name":"hexo","hostname":"zeal-PC","pid":6396,"level":20,"msg":"Processed: \u001b[35msource/vendors/jquery_lazyload/README.md\u001b[39m","time":"2016-07-04T07:54:42.917Z","v":0}
{"name":"hexo","hostname":"zeal-PC","pid":6396,"level":20,"msg":"Processed: \u001b[35msource/vendors/jquery_lazyload/bower.json\u001b[39m","time":"2016-07-04T07:54:42.918Z","v":0}
{"name":"hexo","hostname":"zeal-PC","pid":6396,"level":20,"msg":"Processed: \u001b[35msource/vendors/jquery_lazyload/jquery.lazyload.js\u001b[39m","time":"2016-07-04T07:54:42.919Z","v":0}
{"name":"hexo","hostname":"zeal-PC","pid":6396,"level":20,"msg":"Processed: \u001b[35msource/vendors/jquery_lazyload/jquery.scrollstop.js\u001b[39m","time":"2016-07-04T07:54:42.920Z","v":0}
{"name":"hexo","hostname":"zeal-PC","pid":6396,"level":20,"msg":"Processed: \u001b[35msource/vendors/velocity/bower.json\u001b[39m","time":"2016-07-04T07:54:42.921Z","v":0}
{"name":"hexo","hostname":"zeal-PC","pid":6396,"level":20,"msg":"Processed: \u001b[35mlanguages/zh-hk.yml\u001b[39m","time":"2016-07-04T07:54:42.965Z","v":0}
{"name":"hexo","hostname":"zeal-PC","pid":6396,"level":20,"msg":"Processed: \u001b[35mlanguages/ru.yml\u001b[39m","time":"2016-07-04T07:54:42.966Z","v":0}
{"name":"hexo","hostname":"zeal-PC","pid":6396,"level":20,"msg":"Processed: \u001b[35msource/vendors/jquery/index.js\u001b[39m","time":"2016-07-04T07:54:42.966Z","v":0}
{"name":"hexo","hostname":"zeal-PC","pid":6396,"level":20,"msg":"Processed: \u001b[35mlayout/_macro/post.swig\u001b[39m","time":"2016-07-04T07:54:43.021Z","v":0}
{"name":"hexo","hostname":"zeal-PC","pid":6396,"level":20,"msg":"Processed: \u001b[35mlayout/_macro/sidebar.swig\u001b[39m","time":"2016-07-04T07:54:43.021Z","v":0}
{"name":"hexo","hostname":"zeal-PC","pid":6396,"level":20,"msg":"Processed: \u001b[35mlayout/_macro/reward.swig\u001b[39m","time":"2016-07-04T07:54:43.022Z","v":0}
{"name":"hexo","hostname":"zeal-PC","pid":6396,"level":20,"msg":"Processed: \u001b[35mlayout/_partials/duoshuo-hot-articles.swig\u001b[39m","time":"2016-07-04T07:54:43.023Z","v":0}
{"name":"hexo","hostname":"zeal-PC","pid":6396,"level":20,"msg":"Processed: \u001b[35mlayout/_macro/post-collapse.swig\u001b[39m","time":"2016-07-04T07:54:43.023Z","v":0}
{"name":"hexo","hostname":"zeal-PC","pid":6396,"level":20,"msg":"Processed: \u001b[35mlayout/_macro/wechat-subscriber.swig\u001b[39m","time":"2016-07-04T07:54:43.024Z","v":0}
{"name":"hexo","hostname":"zeal-PC","pid":6396,"level":20,"msg":"Processed: \u001b[35mlayout/_partials/header.swig\u001b[39m","time":"2016-07-04T07:54:43.024Z","v":0}
{"name":"hexo","hostname":"zeal-PC","pid":6396,"level":20,"msg":"Processed: \u001b[35mlayout/_partials/pagination.swig\u001b[39m","time":"2016-07-04T07:54:43.025Z","v":0}
{"name":"hexo","hostname":"zeal-PC","pid":6396,"level":20,"msg":"Processed: \u001b[35mlayout/_partials/comments.swig\u001b[39m","time":"2016-07-04T07:54:43.025Z","v":0}
{"name":"hexo","hostname":"zeal-PC","pid":6396,"level":20,"msg":"Processed: \u001b[35mlayout/_partials/search.swig\u001b[39m","time":"2016-07-04T07:54:43.026Z","v":0}
{"name":"hexo","hostname":"zeal-PC","pid":6396,"level":20,"msg":"Processed: \u001b[35mlayout/_scripts/baidu-push.swig\u001b[39m","time":"2016-07-04T07:54:43.027Z","v":0}
{"name":"hexo","hostname":"zeal-PC","pid":6396,"level":20,"msg":"Processed: \u001b[35mlayout/_scripts/boostrap.swig\u001b[39m","time":"2016-07-04T07:54:43.027Z","v":0}
{"name":"hexo","hostname":"zeal-PC","pid":6396,"level":20,"msg":"Processed: \u001b[35mlayout/_scripts/vendors.swig\u001b[39m","time":"2016-07-04T07:54:43.028Z","v":0}
{"name":"hexo","hostname":"zeal-PC","pid":6396,"level":20,"msg":"Processed: \u001b[35mlayout/_partials/footer.swig\u001b[39m","time":"2016-07-04T07:54:43.029Z","v":0}
{"name":"hexo","hostname":"zeal-PC","pid":6396,"level":20,"msg":"Processed: \u001b[35mlayout/_scripts/commons.swig\u001b[39m","time":"2016-07-04T07:54:43.029Z","v":0}
{"name":"hexo","hostname":"zeal-PC","pid":6396,"level":20,"msg":"Processed: \u001b[35mlayout/_partials/head.swig\u001b[39m","time":"2016-07-04T07:54:43.030Z","v":0}
{"name":"hexo","hostname":"zeal-PC","pid":6396,"level":20,"msg":"Processed: \u001b[35msource/vendors/fancybox/source/blank.gif\u001b[39m","time":"2016-07-04T07:54:43.036Z","v":0}
{"name":"hexo","hostname":"zeal-PC","pid":6396,"level":20,"msg":"Processed: \u001b[35msource/vendors/fancybox/source/fancybox_loading.gif\u001b[39m","time":"2016-07-04T07:54:43.037Z","v":0}
{"name":"hexo","hostname":"zeal-PC","pid":6396,"level":20,"msg":"Processed: \u001b[35msource/vendors/fancybox/source/fancybox_overlay.png\u001b[39m","time":"2016-07-04T07:54:43.038Z","v":0}
{"name":"hexo","hostname":"zeal-PC","pid":6396,"level":20,"msg":"Processed: \u001b[35msource/vendors/fancybox/source/fancybox_loading@2x.gif\u001b[39m","time":"2016-07-04T07:54:43.039Z","v":0}
{"name":"hexo","hostname":"zeal-PC","pid":6396,"level":20,"msg":"Processed: \u001b[35msource/vendors/fancybox/source/jquery.fancybox.css\u001b[39m","time":"2016-07-04T07:54:43.041Z","v":0}
{"name":"hexo","hostname":"zeal-PC","pid":6396,"level":20,"msg":"Processed: \u001b[35msource/vendors/fancybox/source/fancybox_sprite.png\u001b[39m","time":"2016-07-04T07:54:43.042Z","v":0}
{"name":"hexo","hostname":"zeal-PC","pid":6396,"level":20,"msg":"Processed: \u001b[35msource/vendors/fancybox/source/jquery.fancybox.js\u001b[39m","time":"2016-07-04T07:54:43.043Z","v":0}
{"name":"hexo","hostname":"zeal-PC","pid":6396,"level":20,"msg":"Processed: \u001b[35msource/vendors/fancybox/source/jquery.fancybox.pack.js\u001b[39m","time":"2016-07-04T07:54:43.044Z","v":0}
{"name":"hexo","hostname":"zeal-PC","pid":6396,"level":20,"msg":"Processed: \u001b[35msource/js/src/schemes/pisces.js\u001b[39m","time":"2016-07-04T07:54:43.045Z","v":0}
{"name":"hexo","hostname":"zeal-PC","pid":6396,"level":20,"msg":"Processed: \u001b[35msource/vendors/fastclick/lib/fastclick.js\u001b[39m","time":"2016-07-04T07:54:43.046Z","v":0}
{"name":"hexo","hostname":"zeal-PC","pid":6396,"level":20,"msg":"Processed: \u001b[35msource/vendors/fastclick/lib/fastclick.min.js\u001b[39m","time":"2016-07-04T07:54:43.046Z","v":0}
{"name":"hexo","hostname":"zeal-PC","pid":6396,"level":20,"msg":"Processed: \u001b[35msource/vendors/fancybox/source/fancybox_sprite@2x.png\u001b[39m","time":"2016-07-04T07:54:43.048Z","v":0}
{"name":"hexo","hostname":"zeal-PC","pid":6396,"level":20,"msg":"Processed: \u001b[35msource/vendors/font-awesome/css/font-awesome.css\u001b[39m","time":"2016-07-04T07:54:43.050Z","v":0}
{"name":"hexo","hostname":"zeal-PC","pid":6396,"level":20,"msg":"Processed: \u001b[35msource/vendors/font-awesome/css/font-awesome.css.map\u001b[39m","time":"2016-07-04T07:54:43.051Z","v":0}
{"name":"hexo","hostname":"zeal-PC","pid":6396,"level":20,"msg":"Processed: \u001b[35msource/vendors/font-awesome/css/font-awesome.min.css\u001b[39m","time":"2016-07-04T07:54:43.052Z","v":0}
{"name":"hexo","hostname":"zeal-PC","pid":6396,"level":20,"msg":"Processed: \u001b[35msource/vendors/font-awesome/fonts/fontawesome-webfont.woff2\u001b[39m","time":"2016-07-04T07:54:43.053Z","v":0}
{"name":"hexo","hostname":"zeal-PC","pid":6396,"level":20,"msg":"Processed: \u001b[35msource/vendors/ua-parser-js/dist/ua-parser.pack.js\u001b[39m","time":"2016-07-04T07:54:43.054Z","v":0}
{"name":"hexo","hostname":"zeal-PC","pid":6396,"level":20,"msg":"Processed: \u001b[35msource/vendors/ua-parser-js/dist/ua-parser.min.js\u001b[39m","time":"2016-07-04T07:54:43.055Z","v":0}
{"name":"hexo","hostname":"zeal-PC","pid":6396,"level":20,"msg":"Processed: \u001b[35mlayout/_scripts/schemes/mist.swig\u001b[39m","time":"2016-07-04T07:54:43.062Z","v":0}
{"name":"hexo","hostname":"zeal-PC","pid":6396,"level":20,"msg":"Processed: \u001b[35mlayout/_scripts/schemes/muse.swig\u001b[39m","time":"2016-07-04T07:54:43.063Z","v":0}
{"name":"hexo","hostname":"zeal-PC","pid":6396,"level":20,"msg":"Processed: \u001b[35msource/vendors/font-awesome/fonts/FontAwesome.otf\u001b[39m","time":"2016-07-04T07:54:43.065Z","v":0}
{"name":"hexo","hostname":"zeal-PC","pid":6396,"level":20,"msg":"Processed: \u001b[35msource/vendors/font-awesome/fonts/fontawesome-webfont.eot\u001b[39m","time":"2016-07-04T07:54:43.066Z","v":0}
{"name":"hexo","hostname":"zeal-PC","pid":6396,"level":20,"msg":"Processed: \u001b[35msource/vendors/velocity/velocity.js\u001b[39m","time":"2016-07-04T07:54:43.067Z","v":0}
{"name":"hexo","hostname":"zeal-PC","pid":6396,"level":20,"msg":"Processed: \u001b[35msource/vendors/font-awesome/fonts/fontawesome-webfont.woff\u001b[39m","time":"2016-07-04T07:54:43.067Z","v":0}
{"name":"hexo","hostname":"zeal-PC","pid":6396,"level":20,"msg":"Processed: \u001b[35mlayout/_partials/share/duoshuo_share.swig\u001b[39m","time":"2016-07-04T07:54:43.090Z","v":0}
{"name":"hexo","hostname":"zeal-PC","pid":6396,"level":20,"msg":"Processed: \u001b[35mlayout/_partials/search/localsearch.swig\u001b[39m","time":"2016-07-04T07:54:43.091Z","v":0}
{"name":"hexo","hostname":"zeal-PC","pid":6396,"level":20,"msg":"Processed: \u001b[35mlayout/_partials/search/tinysou.swig\u001b[39m","time":"2016-07-04T07:54:43.092Z","v":0}
{"name":"hexo","hostname":"zeal-PC","pid":6396,"level":20,"msg":"Processed: \u001b[35mlayout/_scripts/pages/post-details.swig\u001b[39m","time":"2016-07-04T07:54:43.093Z","v":0}
{"name":"hexo","hostname":"zeal-PC","pid":6396,"level":20,"msg":"Processed: \u001b[35mlayout/_partials/search/swiftype.swig\u001b[39m","time":"2016-07-04T07:54:43.093Z","v":0}
{"name":"hexo","hostname":"zeal-PC","pid":6396,"level":20,"msg":"Processed: \u001b[35mlayout/_partials/share/baidushare.swig\u001b[39m","time":"2016-07-04T07:54:43.094Z","v":0}
{"name":"hexo","hostname":"zeal-PC","pid":6396,"level":20,"msg":"Processed: \u001b[35mlayout/_partials/share/jiathis.swig\u001b[39m","time":"2016-07-04T07:54:43.094Z","v":0}
{"name":"hexo","hostname":"zeal-PC","pid":6396,"level":20,"msg":"Processed: \u001b[35mlayout/_scripts/third-party/analytics.swig\u001b[39m","time":"2016-07-04T07:54:43.095Z","v":0}
{"name":"hexo","hostname":"zeal-PC","pid":6396,"level":20,"msg":"Processed: \u001b[35mlayout/_scripts/schemes/pisces.swig\u001b[39m","time":"2016-07-04T07:54:43.095Z","v":0}
{"name":"hexo","hostname":"zeal-PC","pid":6396,"level":20,"msg":"Processed: \u001b[35mlayout/_partials/head/external-fonts.swig\u001b[39m","time":"2016-07-04T07:54:43.096Z","v":0}
{"name":"hexo","hostname":"zeal-PC","pid":6396,"level":20,"msg":"Processed: \u001b[35mlayout/_scripts/third-party/tinysou.swig\u001b[39m","time":"2016-07-04T07:54:43.097Z","v":0}
{"name":"hexo","hostname":"zeal-PC","pid":6396,"level":20,"msg":"Processed: \u001b[35mlayout/_scripts/third-party/mathjax.swig\u001b[39m","time":"2016-07-04T07:54:43.098Z","v":0}
{"name":"hexo","hostname":"zeal-PC","pid":6396,"level":20,"msg":"Processed: \u001b[35mlayout/_scripts/third-party/lean-analytics.swig\u001b[39m","time":"2016-07-04T07:54:43.098Z","v":0}
{"name":"hexo","hostname":"zeal-PC","pid":6396,"level":20,"msg":"Processed: \u001b[35mlayout/_scripts/third-party/localsearch.swig\u001b[39m","time":"2016-07-04T07:54:43.100Z","v":0}
{"name":"hexo","hostname":"zeal-PC","pid":6396,"level":20,"msg":"Processed: \u001b[35mlayout/_scripts/third-party/comments.swig\u001b[39m","time":"2016-07-04T07:54:43.101Z","v":0}
{"name":"hexo","hostname":"zeal-PC","pid":6396,"level":20,"msg":"Processed: \u001b[35mlayout/_partials/share/add-this.swig\u001b[39m","time":"2016-07-04T07:54:43.102Z","v":0}
{"name":"hexo","hostname":"zeal-PC","pid":6396,"level":20,"msg":"Processed: \u001b[35msource/vendors/fancybox/source/helpers/jquery.fancybox-buttons.css\u001b[39m","time":"2016-07-04T07:54:43.110Z","v":0}
{"name":"hexo","hostname":"zeal-PC","pid":6396,"level":20,"msg":"Processed: \u001b[35msource/vendors/fancybox/source/helpers/fancybox_buttons.png\u001b[39m","time":"2016-07-04T07:54:43.112Z","v":0}
{"name":"hexo","hostname":"zeal-PC","pid":6396,"level":20,"msg":"Processed: \u001b[35msource/vendors/fancybox/source/helpers/jquery.fancybox-buttons.js\u001b[39m","time":"2016-07-04T07:54:43.113Z","v":0}
{"name":"hexo","hostname":"zeal-PC","pid":6396,"level":20,"msg":"Processed: \u001b[35msource/vendors/fancybox/source/helpers/jquery.fancybox-media.js\u001b[39m","time":"2016-07-04T07:54:43.115Z","v":0}
{"name":"hexo","hostname":"zeal-PC","pid":6396,"level":20,"msg":"Processed: \u001b[35msource/vendors/fancybox/source/helpers/jquery.fancybox-thumbs.css\u001b[39m","time":"2016-07-04T07:54:43.116Z","v":0}
{"name":"hexo","hostname":"zeal-PC","pid":6396,"level":20,"msg":"Processed: \u001b[35msource/vendors/fancybox/source/helpers/jquery.fancybox-thumbs.js\u001b[39m","time":"2016-07-04T07:54:43.117Z","v":0}
{"name":"hexo","hostname":"zeal-PC","pid":6396,"level":20,"msg":"Processed: \u001b[35msource/vendors/font-awesome/fonts/fontawesome-webfont.ttf\u001b[39m","time":"2016-07-04T07:54:43.119Z","v":0}
{"name":"hexo","hostname":"zeal-PC","pid":6396,"level":20,"msg":"Processed: \u001b[35mlayout/_scripts/third-party/analytics/facebook-sdk.swig\u001b[39m","time":"2016-07-04T07:54:43.131Z","v":0}
{"name":"hexo","hostname":"zeal-PC","pid":6396,"level":20,"msg":"Processed: \u001b[35mlayout/_scripts/third-party/analytics/cnzz-analytics.swig\u001b[39m","time":"2016-07-04T07:54:43.132Z","v":0}
{"name":"hexo","hostname":"zeal-PC","pid":6396,"level":20,"msg":"Processed: \u001b[35mlayout/_scripts/third-party/analytics/busuanzi-counter.swig\u001b[39m","time":"2016-07-04T07:54:43.133Z","v":0}
{"name":"hexo","hostname":"zeal-PC","pid":6396,"level":20,"msg":"Processed: \u001b[35mlayout/_scripts/third-party/analytics/tencent-analytics.swig\u001b[39m","time":"2016-07-04T07:54:43.134Z","v":0}
{"name":"hexo","hostname":"zeal-PC","pid":6396,"level":20,"msg":"Processed: \u001b[35mlayout/_scripts/third-party/analytics/google-analytics.swig\u001b[39m","time":"2016-07-04T07:54:43.135Z","v":0}
{"name":"hexo","hostname":"zeal-PC","pid":6396,"level":20,"msg":"Processed: \u001b[35mlayout/_scripts/third-party/comments/disqus.swig\u001b[39m","time":"2016-07-04T07:54:43.136Z","v":0}
{"name":"hexo","hostname":"zeal-PC","pid":6396,"level":20,"msg":"Processed: \u001b[35mlayout/_scripts/third-party/comments/duoshuo.swig\u001b[39m","time":"2016-07-04T07:54:43.136Z","v":0}
{"name":"hexo","hostname":"zeal-PC","pid":6396,"level":20,"msg":"Processed: \u001b[35mlayout/_scripts/third-party/analytics/baidu-analytics.swig\u001b[39m","time":"2016-07-04T07:54:43.137Z","v":0}
{"name":"hexo","hostname":"zeal-PC","pid":6396,"level":20,"msg":"Processed: \u001b[35msource/vendors/font-awesome/fonts/fontawesome-webfont.svg\u001b[39m","time":"2016-07-04T07:54:43.139Z","v":0}
{"name":"hexo","hostname":"zeal-PC","pid":6396,"level":20,"msg":"Generator: \u001b[35mpage\u001b[39m","time":"2016-07-04T07:54:43.964Z","v":0}
{"name":"hexo","hostname":"zeal-PC","pid":6396,"level":20,"msg":"Generator: \u001b[35mpost\u001b[39m","time":"2016-07-04T07:54:43.965Z","v":0}
{"name":"hexo","hostname":"zeal-PC","pid":6396,"level":20,"msg":"Generator: \u001b[35marchive\u001b[39m","time":"2016-07-04T07:54:43.965Z","v":0}
{"name":"hexo","hostname":"zeal-PC","pid":6396,"level":20,"msg":"Generator: \u001b[35mcategory\u001b[39m","time":"2016-07-04T07:54:43.966Z","v":0}
{"name":"hexo","hostname":"zeal-PC","pid":6396,"level":20,"msg":"Generator: \u001b[35mindex\u001b[39m","time":"2016-07-04T07:54:43.966Z","v":0}
{"name":"hexo","hostname":"zeal-PC","pid":6396,"level":20,"msg":"Generator: \u001b[35mtag\u001b[39m","time":"2016-07-04T07:54:43.967Z","v":0}
{"name":"hexo","hostname":"zeal-PC","pid":6396,"level":20,"msg":"Generator: \u001b[35masset\u001b[39m","time":"2016-07-04T07:54:43.968Z","v":0}
{"name":"hexo","hostname":"zeal-PC","pid":6396,"level":30,"msg":"Hexo is running at \u001b[4mhttp://localhost:4000/\u001b[24m. Press Ctrl+C to stop.","time":"2016-07-04T07:54:43.976Z","v":0}
{"name":"hexo","hostname":"zeal-PC","pid":6396,"level":20,"msg":"Database saved","time":"2016-07-04T07:54:44.003Z","v":0}
{"name":"hexo","hostname":"zeal-PC","pid":6396,"level":20,"msg":"Rendering post: \u001b[35m2016/07/04/hello-world/index.html\u001b[39m","time":"2016-07-04T07:54:59.126Z","v":0}
{"name":"hexo","hostname":"zeal-PC","pid":6396,"level":20,"msg":"Rendering index: \u001b[35mindex.html\u001b[39m","time":"2016-07-04T07:55:13.083Z","v":0}
{"name":"hexo","hostname":"zeal-PC","pid":6396,"level":20,"msg":"Theme config loaded.","time":"2016-07-04T07:56:29.858Z","v":0}
{"name":"hexo","hostname":"zeal-PC","pid":6396,"level":20,"msg":"Processed: \u001b[35m_config.yml\u001b[39m","time":"2016-07-04T07:56:29.864Z","v":0}
{"name":"hexo","hostname":"zeal-PC","pid":6396,"level":20,"msg":"Generator: \u001b[35mpage\u001b[39m","time":"2016-07-04T07:56:29.994Z","v":0}
{"name":"hexo","hostname":"zeal-PC","pid":6396,"level":20,"msg":"Generator: \u001b[35mpost\u001b[39m","time":"2016-07-04T07:56:29.995Z","v":0}
{"name":"hexo","hostname":"zeal-PC","pid":6396,"level":20,"msg":"Generator: \u001b[35marchive\u001b[39m","time":"2016-07-04T07:56:29.996Z","v":0}
{"name":"hexo","hostname":"zeal-PC","pid":6396,"level":20,"msg":"Generator: \u001b[35mcategory\u001b[39m","time":"2016-07-04T07:56:29.997Z","v":0}
{"name":"hexo","hostname":"zeal-PC","pid":6396,"level":20,"msg":"Generator: \u001b[35mindex\u001b[39m","time":"2016-07-04T07:56:29.998Z","v":0}
{"name":"hexo","hostname":"zeal-PC","pid":6396,"level":20,"msg":"Generator: \u001b[35mtag\u001b[39m","time":"2016-07-04T07:56:29.999Z","v":0}
{"name":"hexo","hostname":"zeal-PC","pid":6396,"level":20,"msg":"Generator: \u001b[35masset\u001b[39m","time":"2016-07-04T07:56:30.001Z","v":0}
{"name":"hexo","hostname":"zeal-PC","pid":6396,"level":20,"msg":"Theme config loaded.","time":"2016-07-04T07:56:35.192Z","v":0}
{"name":"hexo","hostname":"zeal-PC","pid":6396,"level":20,"msg":"Processed: \u001b[35m_config.yml\u001b[39m","time":"2016-07-04T07:56:35.193Z","v":0}
{"name":"hexo","hostname":"zeal-PC","pid":6396,"level":20,"msg":"Generator: \u001b[35mpage\u001b[39m","time":"2016-07-04T07:56:35.322Z","v":0}
{"name":"hexo","hostname":"zeal-PC","pid":6396,"level":20,"msg":"Generator: \u001b[35mpost\u001b[39m","time":"2016-07-04T07:56:35.325Z","v":0}
{"name":"hexo","hostname":"zeal-PC","pid":6396,"level":20,"msg":"Generator: \u001b[35marchive\u001b[39m","time":"2016-07-04T07:56:35.326Z","v":0}
{"name":"hexo","hostname":"zeal-PC","pid":6396,"level":20,"msg":"Generator: \u001b[35mcategory\u001b[39m","time":"2016-07-04T07:56:35.326Z","v":0}
{"name":"hexo","hostname":"zeal-PC","pid":6396,"level":20,"msg":"Generator: \u001b[35mindex\u001b[39m","time":"2016-07-04T07:56:35.327Z","v":0}
{"name":"hexo","hostname":"zeal-PC","pid":6396,"level":20,"msg":"Generator: \u001b[35mtag\u001b[39m","time":"2016-07-04T07:56:35.327Z","v":0}
{"name":"hexo","hostname":"zeal-PC","pid":6396,"level":20,"msg":"Generator: \u001b[35masset\u001b[39m","time":"2016-07-04T07:56:35.330Z","v":0}
{"name":"hexo","hostname":"zeal-PC","pid":6396,"level":20,"msg":"Theme config loaded.","time":"2016-07-04T07:58:35.788Z","v":0}
{"name":"hexo","hostname":"zeal-PC","pid":6396,"level":20,"msg":"Processed: \u001b[35m_config.yml\u001b[39m","time":"2016-07-04T07:58:35.790Z","v":0}
{"name":"hexo","hostname":"zeal-PC","pid":6396,"level":20,"msg":"Generator: \u001b[35mpage\u001b[39m","time":"2016-07-04T07:58:35.923Z","v":0}
{"name":"hexo","hostname":"zeal-PC","pid":6396,"level":20,"msg":"Generator: \u001b[35mpost\u001b[39m","time":"2016-07-04T07:58:35.925Z","v":0}
{"name":"hexo","hostname":"zeal-PC","pid":6396,"level":20,"msg":"Generator: \u001b[35marchive\u001b[39m","time":"2016-07-04T07:58:35.926Z","v":0}
{"name":"hexo","hostname":"zeal-PC","pid":6396,"level":20,"msg":"Generator: \u001b[35mcategory\u001b[39m","time":"2016-07-04T07:58:35.927Z","v":0}
{"name":"hexo","hostname":"zeal-PC","pid":6396,"level":20,"msg":"Generator: \u001b[35mindex\u001b[39m","time":"2016-07-04T07:58:35.928Z","v":0}
{"name":"hexo","hostname":"zeal-PC","pid":6396,"level":20,"msg":"Generator: \u001b[35mtag\u001b[39m","time":"2016-07-04T07:58:35.928Z","v":0}
{"name":"hexo","hostname":"zeal-PC","pid":6396,"level":20,"msg":"Generator: \u001b[35masset\u001b[39m","time":"2016-07-04T07:58:35.930Z","v":0}
{"name":"hexo","hostname":"zeal-PC","pid":6396,"level":20,"msg":"Theme config loaded.","time":"2016-07-04T07:59:04.276Z","v":0}
{"name":"hexo","hostname":"zeal-PC","pid":6396,"level":20,"msg":"Processed: \u001b[35m_config.yml\u001b[39m","time":"2016-07-04T07:59:04.278Z","v":0}
{"name":"hexo","hostname":"zeal-PC","pid":6396,"level":20,"msg":"Generator: \u001b[35mpage\u001b[39m","time":"2016-07-04T07:59:04.397Z","v":0}
{"name":"hexo","hostname":"zeal-PC","pid":6396,"level":20,"msg":"Generator: \u001b[35mpost\u001b[39m","time":"2016-07-04T07:59:04.398Z","v":0}
{"name":"hexo","hostname":"zeal-PC","pid":6396,"level":20,"msg":"Generator: \u001b[35marchive\u001b[39m","time":"2016-07-04T07:59:04.399Z","v":0}
{"name":"hexo","hostname":"zeal-PC","pid":6396,"level":20,"msg":"Generator: \u001b[35mcategory\u001b[39m","time":"2016-07-04T07:59:04.400Z","v":0}
{"name":"hexo","hostname":"zeal-PC","pid":6396,"level":20,"msg":"Generator: \u001b[35mindex\u001b[39m","time":"2016-07-04T07:59:04.401Z","v":0}
{"name":"hexo","hostname":"zeal-PC","pid":6396,"level":20,"msg":"Generator: \u001b[35mtag\u001b[39m","time":"2016-07-04T07:59:04.401Z","v":0}
{"name":"hexo","hostname":"zeal-PC","pid":6396,"level":20,"msg":"Generator: \u001b[35masset\u001b[39m","time":"2016-07-04T07:59:04.403Z","v":0}
{"name":"hexo","hostname":"zeal-PC","pid":6396,"level":30,"msg":"Good bye","time":"2016-07-04T08:04:05.007Z","v":0}
{"name":"hexo","hostname":"zeal-PC","pid":6396,"level":20,"msg":"Database saved","time":"2016-07-04T08:04:05.041Z","v":0}
{"name":"hexo","hostname":"zeal-PC","pid":6516,"level":20,"msg":"Hexo version: \u001b[35m3.2.2\u001b[39m","time":"2016-07-04T08:04:10.796Z","v":0}
{"name":"hexo","hostname":"zeal-PC","pid":6516,"level":20,"msg":"Working directory: \u001b[35mE:\\git\\blog\\\u001b[39m","time":"2016-07-04T08:04:10.801Z","v":0}
{"name":"hexo","hostname":"zeal-PC","pid":6516,"level":20,"msg":"Config loaded: \u001b[35mE:\\git\\blog\\_config.yml\u001b[39m","time":"2016-07-04T08:04:11.203Z","v":0}
{"name":"hexo","hostname":"zeal-PC","pid":6516,"level":20,"msg":"Plugin loaded: \u001b[35mhexo-generator-category\u001b[39m","time":"2016-07-04T08:04:11.238Z","v":0}
{"name":"hexo","hostname":"zeal-PC","pid":6516,"level":20,"msg":"Plugin loaded: \u001b[35mhexo-generator-index\u001b[39m","time":"2016-07-04T08:04:11.245Z","v":0}
{"name":"hexo","hostname":"zeal-PC","pid":6516,"level":20,"msg":"Plugin loaded: \u001b[35mhexo-generator-archive\u001b[39m","time":"2016-07-04T08:04:11.253Z","v":0}
{"name":"hexo","hostname":"zeal-PC","pid":6516,"level":20,"msg":"Plugin loaded: \u001b[35mhexo-generator-tag\u001b[39m","time":"2016-07-04T08:04:11.259Z","v":0}
{"name":"hexo","hostname":"zeal-PC","pid":6516,"level":20,"msg":"Plugin loaded: \u001b[35mhexo-renderer-ejs\u001b[39m","time":"2016-07-04T08:04:11.270Z","v":0}
{"name":"hexo","hostname":"zeal-PC","pid":6516,"level":20,"msg":"Plugin loaded: \u001b[35mhexo-renderer-stylus\u001b[39m","time":"2016-07-04T08:04:11.273Z","v":0}
{"name":"hexo","hostname":"zeal-PC","pid":6516,"level":20,"msg":"Plugin loaded: \u001b[35mhexo-renderer-marked\u001b[39m","time":"2016-07-04T08:04:11.288Z","v":0}
{"name":"hexo","hostname":"zeal-PC","pid":6516,"level":20,"msg":"Plugin loaded: \u001b[35mhexo-server\u001b[39m","time":"2016-07-04T08:04:11.447Z","v":0}
{"name":"hexo","hostname":"zeal-PC","pid":6516,"level":20,"msg":"Script loaded: \u001b[35mthemes\\next\\scripts\\tags\\full-image.js\u001b[39m","time":"2016-07-04T08:04:11.449Z","v":0}
{"name":"hexo","hostname":"zeal-PC","pid":6516,"level":20,"msg":"Script loaded: \u001b[35mthemes\\next\\scripts\\merge-configs.js\u001b[39m","time":"2016-07-04T08:04:11.451Z","v":0}
{"name":"hexo","hostname":"zeal-PC","pid":6516,"level":20,"msg":"Script loaded: \u001b[35mthemes\\next\\scripts\\tags\\center-quote.js\u001b[39m","time":"2016-07-04T08:04:11.453Z","v":0}
{"name":"hexo","hostname":"zeal-PC","pid":6516,"level":20,"msg":"Script loaded: \u001b[35mthemes\\next\\scripts\\tags\\group-pictures.js\u001b[39m","time":"2016-07-04T08:04:11.454Z","v":0}
{"name":"hexo","hostname":"zeal-PC","pid":6516,"level":20,"msg":"Loading database.","time":"2016-07-04T08:04:11.466Z","v":0}
{"name":"hexo","hostname":"zeal-PC","pid":6516,"level":30,"msg":"Start processing","time":"2016-07-04T08:04:11.518Z","v":0}
{"name":"hexo","hostname":"zeal-PC","pid":6516,"level":20,"msg":"Processed: \u001b[35m_posts/hello-world.md\u001b[39m","time":"2016-07-04T08:04:11.667Z","v":0}
{"name":"hexo","hostname":"zeal-PC","pid":6516,"level":20,"msg":"Processed: \u001b[35mtags/index.md\u001b[39m","time":"2016-07-04T08:04:11.668Z","v":0}
{"name":"hexo","hostname":"zeal-PC","pid":6516,"level":20,"msg":"Processed: \u001b[35mcategories/index.md\u001b[39m","time":"2016-07-04T08:04:11.668Z","v":0}
{"name":"hexo","hostname":"zeal-PC","pid":6516,"level":20,"msg":"Processed: \u001b[35mcategories/debug.log\u001b[39m","time":"2016-07-04T08:04:11.671Z","v":0}
{"name":"hexo","hostname":"zeal-PC","pid":6516,"level":20,"msg":"Theme config loaded.","time":"2016-07-04T08:04:11.833Z","v":0}
{"name":"hexo","hostname":"zeal-PC","pid":6516,"level":20,"msg":"Processed: \u001b[35m_config.yml\u001b[39m","time":"2016-07-04T08:04:11.836Z","v":0}
{"name":"hexo","hostname":"zeal-PC","pid":6516,"level":20,"msg":"Processed: \u001b[35msource/css/main.styl\u001b[39m","time":"2016-07-04T08:04:11.837Z","v":0}
{"name":"hexo","hostname":"zeal-PC","pid":6516,"level":20,"msg":"Processed: \u001b[35msource/images/avatar.gif\u001b[39m","time":"2016-07-04T08:04:11.838Z","v":0}
{"name":"hexo","hostname":"zeal-PC","pid":6516,"level":20,"msg":"Processed: \u001b[35msource/images/cc-by-nc.svg\u001b[39m","time":"2016-07-04T08:04:11.839Z","v":0}
{"name":"hexo","hostname":"zeal-PC","pid":6516,"level":20,"msg":"Processed: \u001b[35msource/images/cc-by.svg\u001b[39m","time":"2016-07-04T08:04:11.840Z","v":0}
{"name":"hexo","hostname":"zeal-PC","pid":6516,"level":20,"msg":"Processed: \u001b[35msource/images/cc-by-nd.svg\u001b[39m","time":"2016-07-04T08:04:11.841Z","v":0}
{"name":"hexo","hostname":"zeal-PC","pid":6516,"level":20,"msg":"Processed: \u001b[35msource/images/cc-by-nc-sa.svg\u001b[39m","time":"2016-07-04T08:04:11.842Z","v":0}
{"name":"hexo","hostname":"zeal-PC","pid":6516,"level":20,"msg":"Processed: \u001b[35msource/images/cc-zero.svg\u001b[39m","time":"2016-07-04T08:04:11.843Z","v":0}
{"name":"hexo","hostname":"zeal-PC","pid":6516,"level":20,"msg":"Processed: \u001b[35msource/images/loading.gif\u001b[39m","time":"2016-07-04T08:04:11.844Z","v":0}
{"name":"hexo","hostname":"zeal-PC","pid":6516,"level":20,"msg":"Processed: \u001b[35msource/images/quote-r.svg\u001b[39m","time":"2016-07-04T08:04:11.845Z","v":0}
{"name":"hexo","hostname":"zeal-PC","pid":6516,"level":20,"msg":"Processed: \u001b[35msource/images/cc-by-nc-nd.svg\u001b[39m","time":"2016-07-04T08:04:11.846Z","v":0}
{"name":"hexo","hostname":"zeal-PC","pid":6516,"level":20,"msg":"Processed: \u001b[35msource/images/quote-l.svg\u001b[39m","time":"2016-07-04T08:04:11.847Z","v":0}
{"name":"hexo","hostname":"zeal-PC","pid":6516,"level":20,"msg":"Processed: \u001b[35msource/images/cc-by-sa.svg\u001b[39m","time":"2016-07-04T08:04:11.848Z","v":0}
{"name":"hexo","hostname":"zeal-PC","pid":6516,"level":20,"msg":"Processed: \u001b[35msource/images/placeholder.gif\u001b[39m","time":"2016-07-04T08:04:11.849Z","v":0}
{"name":"hexo","hostname":"zeal-PC","pid":6516,"level":20,"msg":"Processed: \u001b[35msource/images/searchicon.png\u001b[39m","time":"2016-07-04T08:04:11.850Z","v":0}
{"name":"hexo","hostname":"zeal-PC","pid":6516,"level":20,"msg":"Processed: \u001b[35msource/vendors/fastclick/LICENSE\u001b[39m","time":"2016-07-04T08:04:11.903Z","v":0}
{"name":"hexo","hostname":"zeal-PC","pid":6516,"level":20,"msg":"Processed: \u001b[35msource/vendors/fastclick/README.md\u001b[39m","time":"2016-07-04T08:04:11.904Z","v":0}
{"name":"hexo","hostname":"zeal-PC","pid":6516,"level":20,"msg":"Processed: \u001b[35msource/vendors/font-awesome/HELP-US-OUT.txt\u001b[39m","time":"2016-07-04T08:04:11.905Z","v":0}
{"name":"hexo","hostname":"zeal-PC","pid":6516,"level":20,"msg":"Processed: \u001b[35msource/vendors/fastclick/bower.json\u001b[39m","time":"2016-07-04T08:04:11.906Z","v":0}
{"name":"hexo","hostname":"zeal-PC","pid":6516,"level":20,"msg":"Processed: \u001b[35mlayout/_layout.swig\u001b[39m","time":"2016-07-04T08:04:12.099Z","v":0}
{"name":"hexo","hostname":"zeal-PC","pid":6516,"level":20,"msg":"Processed: \u001b[35mlayout/archive.swig\u001b[39m","time":"2016-07-04T08:04:12.100Z","v":0}
{"name":"hexo","hostname":"zeal-PC","pid":6516,"level":20,"msg":"Processed: \u001b[35mlayout/category.swig\u001b[39m","time":"2016-07-04T08:04:12.100Z","v":0}
{"name":"hexo","hostname":"zeal-PC","pid":6516,"level":20,"msg":"Processed: \u001b[35mlayout/index.swig\u001b[39m","time":"2016-07-04T08:04:12.101Z","v":0}
{"name":"hexo","hostname":"zeal-PC","pid":6516,"level":20,"msg":"Processed: \u001b[35mlayout/tag.swig\u001b[39m","time":"2016-07-04T08:04:12.102Z","v":0}
{"name":"hexo","hostname":"zeal-PC","pid":6516,"level":20,"msg":"Processed: \u001b[35mlayout/page.swig\u001b[39m","time":"2016-07-04T08:04:12.103Z","v":0}
{"name":"hexo","hostname":"zeal-PC","pid":6516,"level":20,"msg":"Processed: \u001b[35mlayout/post.swig\u001b[39m","time":"2016-07-04T08:04:12.103Z","v":0}
{"name":"hexo","hostname":"zeal-PC","pid":6516,"level":20,"msg":"Processed: \u001b[35mlanguages/de.yml\u001b[39m","time":"2016-07-04T08:04:12.111Z","v":0}
{"name":"hexo","hostname":"zeal-PC","pid":6516,"level":20,"msg":"Processed: \u001b[35mlanguages/en.yml\u001b[39m","time":"2016-07-04T08:04:12.112Z","v":0}
{"name":"hexo","hostname":"zeal-PC","pid":6516,"level":20,"msg":"Processed: \u001b[35mlanguages/default.yml\u001b[39m","time":"2016-07-04T08:04:12.114Z","v":0}
{"name":"hexo","hostname":"zeal-PC","pid":6516,"level":20,"msg":"Processed: \u001b[35mlanguages/id.yml\u001b[39m","time":"2016-07-04T08:04:12.115Z","v":0}
{"name":"hexo","hostname":"zeal-PC","pid":6516,"level":20,"msg":"Processed: \u001b[35mlanguages/ja.yml\u001b[39m","time":"2016-07-04T08:04:12.116Z","v":0}
{"name":"hexo","hostname":"zeal-PC","pid":6516,"level":20,"msg":"Processed: \u001b[35mlanguages/pt.yml\u001b[39m","time":"2016-07-04T08:04:12.116Z","v":0}
{"name":"hexo","hostname":"zeal-PC","pid":6516,"level":20,"msg":"Processed: \u001b[35mlanguages/pt-BR.yml\u001b[39m","time":"2016-07-04T08:04:12.117Z","v":0}
{"name":"hexo","hostname":"zeal-PC","pid":6516,"level":20,"msg":"Processed: \u001b[35mlanguages/ru.yml\u001b[39m","time":"2016-07-04T08:04:12.117Z","v":0}
{"name":"hexo","hostname":"zeal-PC","pid":6516,"level":20,"msg":"Processed: \u001b[35mlanguages/zh-Hans.yml\u001b[39m","time":"2016-07-04T08:04:12.118Z","v":0}
{"name":"hexo","hostname":"zeal-PC","pid":6516,"level":20,"msg":"Processed: \u001b[35mlanguages/zh-hk.yml\u001b[39m","time":"2016-07-04T08:04:12.119Z","v":0}
{"name":"hexo","hostname":"zeal-PC","pid":6516,"level":20,"msg":"Processed: \u001b[35mlanguages/zh-tw.yml\u001b[39m","time":"2016-07-04T08:04:12.119Z","v":0}
{"name":"hexo","hostname":"zeal-PC","pid":6516,"level":20,"msg":"Processed: \u001b[35mlanguages/fr-FR.yml\u001b[39m","time":"2016-07-04T08:04:12.120Z","v":0}
{"name":"hexo","hostname":"zeal-PC","pid":6516,"level":20,"msg":"Processed: \u001b[35msource/vendors/jquery_lazyload/CONTRIBUTING.md\u001b[39m","time":"2016-07-04T08:04:12.121Z","v":0}
{"name":"hexo","hostname":"zeal-PC","pid":6516,"level":20,"msg":"Processed: \u001b[35msource/vendors/jquery_lazyload/jquery.lazyload.js\u001b[39m","time":"2016-07-04T08:04:12.122Z","v":0}
{"name":"hexo","hostname":"zeal-PC","pid":6516,"level":20,"msg":"Processed: \u001b[35msource/vendors/jquery_lazyload/bower.json\u001b[39m","time":"2016-07-04T08:04:12.124Z","v":0}
{"name":"hexo","hostname":"zeal-PC","pid":6516,"level":20,"msg":"Processed: \u001b[35msource/vendors/jquery_lazyload/jquery.scrollstop.js\u001b[39m","time":"2016-07-04T08:04:12.125Z","v":0}
{"name":"hexo","hostname":"zeal-PC","pid":6516,"level":20,"msg":"Processed: \u001b[35msource/js/src/affix.js\u001b[39m","time":"2016-07-04T08:04:12.127Z","v":0}
{"name":"hexo","hostname":"zeal-PC","pid":6516,"level":20,"msg":"Processed: \u001b[35msource/js/src/bootstrap.js\u001b[39m","time":"2016-07-04T08:04:12.129Z","v":0}
{"name":"hexo","hostname":"zeal-PC","pid":6516,"level":20,"msg":"Processed: \u001b[35msource/vendors/font-awesome/bower.json\u001b[39m","time":"2016-07-04T08:04:12.130Z","v":0}
{"name":"hexo","hostname":"zeal-PC","pid":6516,"level":20,"msg":"Processed: \u001b[35msource/js/src/hook-duoshuo.js\u001b[39m","time":"2016-07-04T08:04:12.131Z","v":0}
{"name":"hexo","hostname":"zeal-PC","pid":6516,"level":20,"msg":"Processed: \u001b[35msource/js/src/motion.js\u001b[39m","time":"2016-07-04T08:04:12.134Z","v":0}
{"name":"hexo","hostname":"zeal-PC","pid":6516,"level":20,"msg":"Processed: \u001b[35msource/js/src/post-details.js\u001b[39m","time":"2016-07-04T08:04:12.136Z","v":0}
{"name":"hexo","hostname":"zeal-PC","pid":6516,"level":20,"msg":"Processed: \u001b[35msource/js/src/scrollspy.js\u001b[39m","time":"2016-07-04T08:04:12.139Z","v":0}
{"name":"hexo","hostname":"zeal-PC","pid":6516,"level":20,"msg":"Processed: \u001b[35msource/js/src/utils.js\u001b[39m","time":"2016-07-04T08:04:12.140Z","v":0}
{"name":"hexo","hostname":"zeal-PC","pid":6516,"level":20,"msg":"Processed: \u001b[35msource/vendors/velocity/bower.json\u001b[39m","time":"2016-07-04T08:04:12.142Z","v":0}
{"name":"hexo","hostname":"zeal-PC","pid":6516,"level":20,"msg":"Processed: \u001b[35msource/vendors/jquery_lazyload/README.md\u001b[39m","time":"2016-07-04T08:04:12.142Z","v":0}
{"name":"hexo","hostname":"zeal-PC","pid":6516,"level":20,"msg":"Processed: \u001b[35msource/vendors/velocity/velocity.min.js\u001b[39m","time":"2016-07-04T08:04:12.144Z","v":0}
{"name":"hexo","hostname":"zeal-PC","pid":6516,"level":20,"msg":"Processed: \u001b[35msource/vendors/velocity/velocity.ui.min.js\u001b[39m","time":"2016-07-04T08:04:12.146Z","v":0}
{"name":"hexo","hostname":"zeal-PC","pid":6516,"level":20,"msg":"Processed: \u001b[35msource/vendors/velocity/velocity.ui.js\u001b[39m","time":"2016-07-04T08:04:12.147Z","v":0}
{"name":"hexo","hostname":"zeal-PC","pid":6516,"level":20,"msg":"Processed: \u001b[35msource/vendors/jquery/index.js\u001b[39m","time":"2016-07-04T08:04:12.169Z","v":0}
{"name":"hexo","hostname":"zeal-PC","pid":6516,"level":20,"msg":"Processed: \u001b[35msource/vendors/fancybox/source/blank.gif\u001b[39m","time":"2016-07-04T08:04:12.170Z","v":0}
{"name":"hexo","hostname":"zeal-PC","pid":6516,"level":20,"msg":"Processed: \u001b[35msource/vendors/fancybox/source/fancybox_loading.gif\u001b[39m","time":"2016-07-04T08:04:12.172Z","v":0}
{"name":"hexo","hostname":"zeal-PC","pid":6516,"level":20,"msg":"Processed: \u001b[35msource/vendors/fancybox/source/fancybox_loading@2x.gif\u001b[39m","time":"2016-07-04T08:04:12.173Z","v":0}
{"name":"hexo","hostname":"zeal-PC","pid":6516,"level":20,"msg":"Processed: \u001b[35msource/vendors/fancybox/source/fancybox_sprite@2x.png\u001b[39m","time":"2016-07-04T08:04:12.173Z","v":0}
{"name":"hexo","hostname":"zeal-PC","pid":6516,"level":20,"msg":"Processed: \u001b[35msource/vendors/fancybox/source/fancybox_sprite.png\u001b[39m","time":"2016-07-04T08:04:12.174Z","v":0}
{"name":"hexo","hostname":"zeal-PC","pid":6516,"level":20,"msg":"Processed: \u001b[35msource/vendors/fancybox/source/jquery.fancybox.css\u001b[39m","time":"2016-07-04T08:04:12.176Z","v":0}
{"name":"hexo","hostname":"zeal-PC","pid":6516,"level":20,"msg":"Processed: \u001b[35msource/vendors/fancybox/source/jquery.fancybox.pack.js\u001b[39m","time":"2016-07-04T08:04:12.177Z","v":0}
{"name":"hexo","hostname":"zeal-PC","pid":6516,"level":20,"msg":"Processed: \u001b[35msource/vendors/fancybox/source/jquery.fancybox.js\u001b[39m","time":"2016-07-04T08:04:12.177Z","v":0}
{"name":"hexo","hostname":"zeal-PC","pid":6516,"level":20,"msg":"Processed: \u001b[35msource/vendors/fancybox/source/fancybox_overlay.png\u001b[39m","time":"2016-07-04T08:04:12.178Z","v":0}
{"name":"hexo","hostname":"zeal-PC","pid":6516,"level":20,"msg":"Processed: \u001b[35msource/vendors/fastclick/lib/fastclick.min.js\u001b[39m","time":"2016-07-04T08:04:12.181Z","v":0}
{"name":"hexo","hostname":"zeal-PC","pid":6516,"level":20,"msg":"Processed: \u001b[35msource/vendors/font-awesome/css/font-awesome.css.map\u001b[39m","time":"2016-07-04T08:04:12.181Z","v":0}
{"name":"hexo","hostname":"zeal-PC","pid":6516,"level":20,"msg":"Processed: \u001b[35msource/vendors/font-awesome/css/font-awesome.css\u001b[39m","time":"2016-07-04T08:04:12.183Z","v":0}
{"name":"hexo","hostname":"zeal-PC","pid":6516,"level":20,"msg":"Processed: \u001b[35msource/vendors/fastclick/lib/fastclick.js\u001b[39m","time":"2016-07-04T08:04:12.185Z","v":0}
{"name":"hexo","hostname":"zeal-PC","pid":6516,"level":20,"msg":"Processed: \u001b[35msource/vendors/font-awesome/css/font-awesome.min.css\u001b[39m","time":"2016-07-04T08:04:12.185Z","v":0}
{"name":"hexo","hostname":"zeal-PC","pid":6516,"level":20,"msg":"Processed: \u001b[35mlayout/_macro/post-collapse.swig\u001b[39m","time":"2016-07-04T08:04:12.241Z","v":0}
{"name":"hexo","hostname":"zeal-PC","pid":6516,"level":20,"msg":"Processed: \u001b[35mlayout/_macro/reward.swig\u001b[39m","time":"2016-07-04T08:04:12.242Z","v":0}
{"name":"hexo","hostname":"zeal-PC","pid":6516,"level":20,"msg":"Processed: \u001b[35mlayout/_macro/sidebar.swig\u001b[39m","time":"2016-07-04T08:04:12.244Z","v":0}
{"name":"hexo","hostname":"zeal-PC","pid":6516,"level":20,"msg":"Processed: \u001b[35mlayout/_macro/post.swig\u001b[39m","time":"2016-07-04T08:04:12.244Z","v":0}
{"name":"hexo","hostname":"zeal-PC","pid":6516,"level":20,"msg":"Processed: \u001b[35mlayout/_macro/wechat-subscriber.swig\u001b[39m","time":"2016-07-04T08:04:12.245Z","v":0}
{"name":"hexo","hostname":"zeal-PC","pid":6516,"level":20,"msg":"Processed: \u001b[35mlayout/_scripts/boostrap.swig\u001b[39m","time":"2016-07-04T08:04:12.245Z","v":0}
{"name":"hexo","hostname":"zeal-PC","pid":6516,"level":20,"msg":"Processed: \u001b[35mlayout/_scripts/baidu-push.swig\u001b[39m","time":"2016-07-04T08:04:12.246Z","v":0}
{"name":"hexo","hostname":"zeal-PC","pid":6516,"level":20,"msg":"Processed: \u001b[35mlayout/_scripts/commons.swig\u001b[39m","time":"2016-07-04T08:04:12.247Z","v":0}
{"name":"hexo","hostname":"zeal-PC","pid":6516,"level":20,"msg":"Processed: \u001b[35mlayout/_partials/comments.swig\u001b[39m","time":"2016-07-04T08:04:12.248Z","v":0}
{"name":"hexo","hostname":"zeal-PC","pid":6516,"level":20,"msg":"Processed: \u001b[35mlayout/_partials/duoshuo-hot-articles.swig\u001b[39m","time":"2016-07-04T08:04:12.248Z","v":0}
{"name":"hexo","hostname":"zeal-PC","pid":6516,"level":20,"msg":"Processed: \u001b[35mlayout/_partials/footer.swig\u001b[39m","time":"2016-07-04T08:04:12.249Z","v":0}
{"name":"hexo","hostname":"zeal-PC","pid":6516,"level":20,"msg":"Processed: \u001b[35mlayout/_partials/header.swig\u001b[39m","time":"2016-07-04T08:04:12.249Z","v":0}
{"name":"hexo","hostname":"zeal-PC","pid":6516,"level":20,"msg":"Processed: \u001b[35mlayout/_scripts/vendors.swig\u001b[39m","time":"2016-07-04T08:04:12.250Z","v":0}
{"name":"hexo","hostname":"zeal-PC","pid":6516,"level":20,"msg":"Processed: \u001b[35mlayout/_partials/head.swig\u001b[39m","time":"2016-07-04T08:04:12.251Z","v":0}
{"name":"hexo","hostname":"zeal-PC","pid":6516,"level":20,"msg":"Processed: \u001b[35mlayout/_partials/search.swig\u001b[39m","time":"2016-07-04T08:04:12.251Z","v":0}
{"name":"hexo","hostname":"zeal-PC","pid":6516,"level":20,"msg":"Processed: \u001b[35mlayout/_partials/pagination.swig\u001b[39m","time":"2016-07-04T08:04:12.252Z","v":0}
{"name":"hexo","hostname":"zeal-PC","pid":6516,"level":20,"msg":"Processed: \u001b[35msource/vendors/font-awesome/fonts/fontawesome-webfont.woff2\u001b[39m","time":"2016-07-04T08:04:12.253Z","v":0}
{"name":"hexo","hostname":"zeal-PC","pid":6516,"level":20,"msg":"Processed: \u001b[35msource/vendors/ua-parser-js/dist/ua-parser.min.js\u001b[39m","time":"2016-07-04T08:04:12.255Z","v":0}
{"name":"hexo","hostname":"zeal-PC","pid":6516,"level":20,"msg":"Processed: \u001b[35msource/vendors/ua-parser-js/dist/ua-parser.pack.js\u001b[39m","time":"2016-07-04T08:04:12.256Z","v":0}
{"name":"hexo","hostname":"zeal-PC","pid":6516,"level":20,"msg":"Processed: \u001b[35msource/js/src/schemes/pisces.js\u001b[39m","time":"2016-07-04T08:04:12.257Z","v":0}
{"name":"hexo","hostname":"zeal-PC","pid":6516,"level":20,"msg":"Processed: \u001b[35mlayout/_scripts/schemes/mist.swig\u001b[39m","time":"2016-07-04T08:04:12.287Z","v":0}
{"name":"hexo","hostname":"zeal-PC","pid":6516,"level":20,"msg":"Processed: \u001b[35mlayout/_scripts/schemes/muse.swig\u001b[39m","time":"2016-07-04T08:04:12.288Z","v":0}
{"name":"hexo","hostname":"zeal-PC","pid":6516,"level":20,"msg":"Processed: \u001b[35mlayout/_scripts/schemes/pisces.swig\u001b[39m","time":"2016-07-04T08:04:12.289Z","v":0}
{"name":"hexo","hostname":"zeal-PC","pid":6516,"level":20,"msg":"Processed: \u001b[35mlayout/_scripts/third-party/analytics.swig\u001b[39m","time":"2016-07-04T08:04:12.290Z","v":0}
{"name":"hexo","hostname":"zeal-PC","pid":6516,"level":20,"msg":"Processed: \u001b[35mlayout/_scripts/pages/post-details.swig\u001b[39m","time":"2016-07-04T08:04:12.290Z","v":0}
{"name":"hexo","hostname":"zeal-PC","pid":6516,"level":20,"msg":"Processed: \u001b[35mlayout/_scripts/third-party/comments.swig\u001b[39m","time":"2016-07-04T08:04:12.291Z","v":0}
{"name":"hexo","hostname":"zeal-PC","pid":6516,"level":20,"msg":"Processed: \u001b[35mlayout/_scripts/third-party/localsearch.swig\u001b[39m","time":"2016-07-04T08:04:12.291Z","v":0}
{"name":"hexo","hostname":"zeal-PC","pid":6516,"level":20,"msg":"Processed: \u001b[35mlayout/_scripts/third-party/mathjax.swig\u001b[39m","time":"2016-07-04T08:04:12.292Z","v":0}
{"name":"hexo","hostname":"zeal-PC","pid":6516,"level":20,"msg":"Processed: \u001b[35mlayout/_scripts/third-party/tinysou.swig\u001b[39m","time":"2016-07-04T08:04:12.292Z","v":0}
{"name":"hexo","hostname":"zeal-PC","pid":6516,"level":20,"msg":"Processed: \u001b[35mlayout/_partials/head/external-fonts.swig\u001b[39m","time":"2016-07-04T08:04:12.293Z","v":0}
{"name":"hexo","hostname":"zeal-PC","pid":6516,"level":20,"msg":"Processed: \u001b[35mlayout/_partials/share/baidushare.swig\u001b[39m","time":"2016-07-04T08:04:12.294Z","v":0}
{"name":"hexo","hostname":"zeal-PC","pid":6516,"level":20,"msg":"Processed: \u001b[35mlayout/_partials/share/duoshuo_share.swig\u001b[39m","time":"2016-07-04T08:04:12.294Z","v":0}
{"name":"hexo","hostname":"zeal-PC","pid":6516,"level":20,"msg":"Processed: \u001b[35mlayout/_partials/share/jiathis.swig\u001b[39m","time":"2016-07-04T08:04:12.295Z","v":0}
{"name":"hexo","hostname":"zeal-PC","pid":6516,"level":20,"msg":"Processed: \u001b[35mlayout/_partials/search/localsearch.swig\u001b[39m","time":"2016-07-04T08:04:12.295Z","v":0}
{"name":"hexo","hostname":"zeal-PC","pid":6516,"level":20,"msg":"Processed: \u001b[35mlayout/_scripts/third-party/lean-analytics.swig\u001b[39m","time":"2016-07-04T08:04:12.296Z","v":0}
{"name":"hexo","hostname":"zeal-PC","pid":6516,"level":20,"msg":"Processed: \u001b[35mlayout/_partials/search/swiftype.swig\u001b[39m","time":"2016-07-04T08:04:12.297Z","v":0}
{"name":"hexo","hostname":"zeal-PC","pid":6516,"level":20,"msg":"Processed: \u001b[35mlayout/_partials/share/add-this.swig\u001b[39m","time":"2016-07-04T08:04:12.297Z","v":0}
{"name":"hexo","hostname":"zeal-PC","pid":6516,"level":20,"msg":"Processed: \u001b[35mlayout/_partials/search/tinysou.swig\u001b[39m","time":"2016-07-04T08:04:12.298Z","v":0}
{"name":"hexo","hostname":"zeal-PC","pid":6516,"level":20,"msg":"Processed: \u001b[35msource/vendors/font-awesome/fonts/fontawesome-webfont.eot\u001b[39m","time":"2016-07-04T08:04:12.309Z","v":0}
{"name":"hexo","hostname":"zeal-PC","pid":6516,"level":20,"msg":"Processed: \u001b[35msource/vendors/font-awesome/fonts/FontAwesome.otf\u001b[39m","time":"2016-07-04T08:04:12.311Z","v":0}
{"name":"hexo","hostname":"zeal-PC","pid":6516,"level":20,"msg":"Processed: \u001b[35msource/vendors/font-awesome/fonts/fontawesome-webfont.woff\u001b[39m","time":"2016-07-04T08:04:12.313Z","v":0}
{"name":"hexo","hostname":"zeal-PC","pid":6516,"level":20,"msg":"Processed: \u001b[35msource/vendors/velocity/velocity.js\u001b[39m","time":"2016-07-04T08:04:12.315Z","v":0}
{"name":"hexo","hostname":"zeal-PC","pid":6516,"level":20,"msg":"Processed: \u001b[35msource/vendors/fancybox/source/helpers/jquery.fancybox-buttons.css\u001b[39m","time":"2016-07-04T08:04:12.316Z","v":0}
{"name":"hexo","hostname":"zeal-PC","pid":6516,"level":20,"msg":"Processed: \u001b[35msource/vendors/fancybox/source/helpers/jquery.fancybox-media.js\u001b[39m","time":"2016-07-04T08:04:12.317Z","v":0}
{"name":"hexo","hostname":"zeal-PC","pid":6516,"level":20,"msg":"Processed: \u001b[35msource/vendors/fancybox/source/helpers/jquery.fancybox-thumbs.css\u001b[39m","time":"2016-07-04T08:04:12.319Z","v":0}
{"name":"hexo","hostname":"zeal-PC","pid":6516,"level":20,"msg":"Processed: \u001b[35msource/vendors/fancybox/source/helpers/fancybox_buttons.png\u001b[39m","time":"2016-07-04T08:04:12.321Z","v":0}
{"name":"hexo","hostname":"zeal-PC","pid":6516,"level":20,"msg":"Processed: \u001b[35msource/vendors/fancybox/source/helpers/jquery.fancybox-buttons.js\u001b[39m","time":"2016-07-04T08:04:12.322Z","v":0}
{"name":"hexo","hostname":"zeal-PC","pid":6516,"level":20,"msg":"Processed: \u001b[35msource/vendors/fancybox/source/helpers/jquery.fancybox-thumbs.js\u001b[39m","time":"2016-07-04T08:04:12.324Z","v":0}
{"name":"hexo","hostname":"zeal-PC","pid":6516,"level":20,"msg":"Processed: \u001b[35msource/vendors/font-awesome/fonts/fontawesome-webfont.ttf\u001b[39m","time":"2016-07-04T08:04:12.327Z","v":0}
{"name":"hexo","hostname":"zeal-PC","pid":6516,"level":20,"msg":"Processed: \u001b[35mlayout/_scripts/third-party/analytics/facebook-sdk.swig\u001b[39m","time":"2016-07-04T08:04:12.339Z","v":0}
{"name":"hexo","hostname":"zeal-PC","pid":6516,"level":20,"msg":"Processed: \u001b[35mlayout/_scripts/third-party/comments/disqus.swig\u001b[39m","time":"2016-07-04T08:04:12.340Z","v":0}
{"name":"hexo","hostname":"zeal-PC","pid":6516,"level":20,"msg":"Processed: \u001b[35mlayout/_scripts/third-party/analytics/baidu-analytics.swig\u001b[39m","time":"2016-07-04T08:04:12.341Z","v":0}
{"name":"hexo","hostname":"zeal-PC","pid":6516,"level":20,"msg":"Processed: \u001b[35mlayout/_scripts/third-party/comments/duoshuo.swig\u001b[39m","time":"2016-07-04T08:04:12.342Z","v":0}
{"name":"hexo","hostname":"zeal-PC","pid":6516,"level":20,"msg":"Processed: \u001b[35mlayout/_scripts/third-party/analytics/busuanzi-counter.swig\u001b[39m","time":"2016-07-04T08:04:12.342Z","v":0}
{"name":"hexo","hostname":"zeal-PC","pid":6516,"level":20,"msg":"Processed: \u001b[35mlayout/_scripts/third-party/analytics/tencent-analytics.swig\u001b[39m","time":"2016-07-04T08:04:12.343Z","v":0}
{"name":"hexo","hostname":"zeal-PC","pid":6516,"level":20,"msg":"Processed: \u001b[35mlayout/_scripts/third-party/analytics/cnzz-analytics.swig\u001b[39m","time":"2016-07-04T08:04:12.344Z","v":0}
{"name":"hexo","hostname":"zeal-PC","pid":6516,"level":20,"msg":"Processed: \u001b[35mlayout/_scripts/third-party/analytics/google-analytics.swig\u001b[39m","time":"2016-07-04T08:04:12.345Z","v":0}
{"name":"hexo","hostname":"zeal-PC","pid":6516,"level":20,"msg":"Processed: \u001b[35msource/vendors/font-awesome/fonts/fontawesome-webfont.svg\u001b[39m","time":"2016-07-04T08:04:12.353Z","v":0}
{"name":"hexo","hostname":"zeal-PC","pid":6516,"level":20,"msg":"Generator: \u001b[35mpage\u001b[39m","time":"2016-07-04T08:04:12.938Z","v":0}
{"name":"hexo","hostname":"zeal-PC","pid":6516,"level":20,"msg":"Generator: \u001b[35mpost\u001b[39m","time":"2016-07-04T08:04:12.939Z","v":0}
{"name":"hexo","hostname":"zeal-PC","pid":6516,"level":20,"msg":"Generator: \u001b[35mcategory\u001b[39m","time":"2016-07-04T08:04:12.939Z","v":0}
{"name":"hexo","hostname":"zeal-PC","pid":6516,"level":20,"msg":"Generator: \u001b[35mindex\u001b[39m","time":"2016-07-04T08:04:12.940Z","v":0}
{"name":"hexo","hostname":"zeal-PC","pid":6516,"level":20,"msg":"Generator: \u001b[35marchive\u001b[39m","time":"2016-07-04T08:04:12.940Z","v":0}
{"name":"hexo","hostname":"zeal-PC","pid":6516,"level":20,"msg":"Generator: \u001b[35mtag\u001b[39m","time":"2016-07-04T08:04:12.941Z","v":0}
{"name":"hexo","hostname":"zeal-PC","pid":6516,"level":20,"msg":"Generator: \u001b[35masset\u001b[39m","time":"2016-07-04T08:04:12.943Z","v":0}
{"name":"hexo","hostname":"zeal-PC","pid":6516,"level":30,"msg":"Hexo is running at \u001b[4mhttp://localhost:4000/\u001b[24m. Press Ctrl+C to stop.","time":"2016-07-04T08:04:12.953Z","v":0}
{"name":"hexo","hostname":"zeal-PC","pid":6516,"level":20,"msg":"Database saved","time":"2016-07-04T08:04:12.978Z","v":0}
{"name":"hexo","hostname":"zeal-PC","pid":6516,"level":20,"msg":"Rendering index: \u001b[35mindex.html\u001b[39m","time":"2016-07-04T08:04:22.025Z","v":0}
{"name":"hexo","hostname":"zeal-PC","pid":6516,"level":20,"msg":"Rendering index: \u001b[35mindex.html\u001b[39m","time":"2016-07-04T08:05:25.489Z","v":0}
{"name":"hexo","hostname":"zeal-PC","pid":6516,"level":20,"msg":"Rendering post: \u001b[35m2016/07/04/hello-world/index.html\u001b[39m","time":"2016-07-04T08:05:29.837Z","v":0}
{"name":"hexo","hostname":"zeal-PC","pid":6516,"level":20,"msg":"Rendering index: \u001b[35mindex.html\u001b[39m","time":"2016-07-04T08:05:40.328Z","v":0}
{"name":"hexo","hostname":"zeal-PC","pid":6516,"level":20,"msg":"Rendering page: \u001b[35mcategories/index.html\u001b[39m","time":"2016-07-04T08:05:43.457Z","v":0}
{"name":"hexo","hostname":"zeal-PC","pid":6516,"level":20,"msg":"Rendering archive: \u001b[35marchives/index.html\u001b[39m","time":"2016-07-04T08:05:45.897Z","v":0}
{"name":"hexo","hostname":"zeal-PC","pid":6516,"level":20,"msg":"Rendering page: \u001b[35mtags/index.html\u001b[39m","time":"2016-07-04T08:05:49.014Z","v":0}
{"name":"hexo","hostname":"zeal-PC","pid":6516,"level":20,"msg":"Rendering index: \u001b[35mindex.html\u001b[39m","time":"2016-07-04T08:05:51.581Z","v":0}
{"name":"hexo","hostname":"zeal-PC","pid":6516,"level":30,"msg":"Have a nice day","time":"2016-07-04T08:06:22.978Z","v":0}
{"name":"hexo","hostname":"zeal-PC","pid":6516,"level":20,"msg":"Database saved","time":"2016-07-04T08:06:23.023Z","v":0}
